#
# There is insufficient memory for the Java Runtime Environment to continue.
# Native memory allocation (mmap) failed to map 65536 bytes for Failed to commit metaspace.
# Possible reasons:
#   The system is out of physical RAM or swap space
#   The process is running with CompressedOops enabled, and the Java Heap may be blocking the growth of the native heap
# Possible solutions:
#   Reduce memory load on the system
#   Increase physical memory or swap space
#   Check if swap backing store is full
#   Decrease Java heap size (-Xmx/-Xms)
#   Decrease number of Java threads
#   Decrease Java thread stack sizes (-Xss)
#   Set larger code cache with -XX:ReservedCodeCacheSize=
#   JVM is running with Unscaled Compressed Oops mode in which the Java heap is
#     placed in the first 4GB address space. The Java Heap base address is the
#     maximum limit for the native heap growth. Please use -XX:HeapBaseMinAddress
#     to set the Java Heap base and to place the Java Heap above 4GB virtual address.
# This output file may be truncated or incomplete.
#
#  Out of Memory Error (virtualSpaceNode.cpp:110), pid=11272, tid=14120
#
# JRE version: Java(TM) SE Runtime Environment (19.0.2+7) (build 19.0.2+7-44)
# Java VM: Java HotSpot(TM) 64-Bit Server VM (19.0.2+7-44, mixed mode, sharing, tiered, compressed oops, compressed class ptrs, g1 gc, windows-amd64)
# No core dump will be written. Minidumps are not enabled by default on client versions of Windows
#

---------------  S U M M A R Y ------------

Command Line: -Dfile.encoding=UTF-8 --module-path=C:\Users\nioka\OneDrive\Documents\NetBeansProjects\Nioka_Perpus\build\classes nioka_perpus.FormRak

Host: 11th Gen Intel(R) Core(TM) i5-1135G7 @ 2.40GHz, 8 cores, 7G,  Windows 11 , 64 bit Build 22000 (10.0.22000.2360)
Time: Wed Sep 13 17:20:34 2023 SE Asia Standard Time elapsed time: 0.683657 seconds (0d 0h 0m 0s)

---------------  T H R E A D  ---------------

Current thread (0x000002cea838d9f0):  JavaThread "AWT-EventQueue-0" [_thread_in_vm, id=14120, stack(0x000000efa1600000,0x000000efa1700000)]

Stack: [0x000000efa1600000,0x000000efa1700000]
Native frames: (J=compiled Java code, j=interpreted, Vv=VM code, C=native code)
V  [jvm.dll+0x6ee21a]
V  [jvm.dll+0x85765e]
V  [jvm.dll+0x85904e]
V  [jvm.dll+0x859703]
V  [jvm.dll+0x28298f]
V  [jvm.dll+0x8532db]
V  [jvm.dll+0x692cb6]
V  [jvm.dll+0x692d1a]
V  [jvm.dll+0x695613]
V  [jvm.dll+0x6954de]
V  [jvm.dll+0x6936de]
V  [jvm.dll+0x2801cc]
V  [jvm.dll+0x7432cd]
V  [jvm.dll+0x743ccf]
V  [jvm.dll+0x3c999e]
V  [jvm.dll+0x3c8b14]
V  [jvm.dll+0x3c8ab8]
V  [jvm.dll+0x3da29a]
C  0x000002ce949edc1d

Java frames: (J=compiled Java code, j=interpreted, Vv=VM code)
j  sun.security.ssl.SSLSocketFactoryImpl.createSocket(Ljava/net/Socket;Ljava/lang/String;IZ)Ljava/net/Socket;+0 java.base@19.0.2
j  com.mysql.cj.protocol.ExportControlled.performTlsHandshake(Ljava/net/Socket;Lcom/mysql/cj/protocol/SocketConnection;Lcom/mysql/cj/ServerVersion;Lcom/mysql/cj/log/Log;)Ljava/net/Socket;+339
j  com.mysql.cj.protocol.StandardSocketFactory.performTlsHandshake(Lcom/mysql/cj/protocol/SocketConnection;Lcom/mysql/cj/protocol/ServerSession;Lcom/mysql/cj/log/Log;)Ljava/io/Closeable;+21
j  com.mysql.cj.protocol.a.NativeSocketConnection.performTlsHandshake(Lcom/mysql/cj/protocol/ServerSession;Lcom/mysql/cj/log/Log;)V+8
j  com.mysql.cj.protocol.a.NativeProtocol.negotiateSSLConnection()V+116
j  com.mysql.cj.protocol.a.NativeAuthenticationProvider.connect(Ljava/lang/String;Ljava/lang/String;Ljava/lang/String;)V+765
j  com.mysql.cj.protocol.a.NativeProtocol.connect(Ljava/lang/String;Ljava/lang/String;Ljava/lang/String;)V+11
j  com.mysql.cj.NativeSession.connect(Lcom/mysql/cj/conf/HostInfo;Ljava/lang/String;Ljava/lang/String;Ljava/lang/String;ILcom/mysql/cj/TransactionEventHandler;)V+110
j  com.mysql.cj.jdbc.ConnectionImpl.connectOneTryOnly(Z)V+32
j  com.mysql.cj.jdbc.ConnectionImpl.createNewIO(Z)V+27
j  com.mysql.cj.jdbc.ConnectionImpl.<init>(Lcom/mysql/cj/conf/HostInfo;)V+799
j  com.mysql.cj.jdbc.ConnectionImpl.getInstance(Lcom/mysql/cj/conf/HostInfo;)Lcom/mysql/cj/jdbc/JdbcConnection;+5
j  com.mysql.cj.jdbc.NonRegisteringDriver.connect(Ljava/lang/String;Ljava/util/Properties;)Ljava/sql/Connection;+72
j  java.sql.DriverManager.getConnection(Ljava/lang/String;Ljava/util/Properties;Ljava/lang/Class;)Ljava/sql/Connection;+133 java.sql@19.0.2
j  java.sql.DriverManager.getConnection(Ljava/lang/String;Ljava/lang/String;Ljava/lang/String;)Ljava/sql/Connection;+37 java.sql@19.0.2
j  nioka_perpus.koneksi.connect()Ljava/sql/Connection;+35
j  nioka_perpus.FormRak.<init>()V+12
j  nioka_perpus.FormRak$11.run()V+4
j  java.awt.event.InvocationEvent.dispatch()V+47 java.desktop@19.0.2
j  java.awt.EventQueue.dispatchEventImpl(Ljava/awt/AWTEvent;Ljava/lang/Object;)V+21 java.desktop@19.0.2
j  java.awt.EventQueue$4.run()Ljava/lang/Void;+32 java.desktop@19.0.2
j  java.awt.EventQueue$4.run()Ljava/lang/Object;+1 java.desktop@19.0.2
j  java.security.AccessController.executePrivileged(Ljava/security/PrivilegedAction;Ljava/security/AccessControlContext;Ljava/lang/Class;)Ljava/lang/Object;+29 java.base@19.0.2
j  java.security.AccessController.doPrivileged(Ljava/security/PrivilegedAction;Ljava/security/AccessControlContext;)Ljava/lang/Object;+13 java.base@19.0.2
j  java.security.ProtectionDomain$JavaSecurityAccessImpl.doIntersectionPrivilege(Ljava/security/PrivilegedAction;Ljava/security/AccessControlContext;Ljava/security/AccessControlContext;)Ljava/lang/Object;+18 java.base@19.0.2
j  java.awt.EventQueue.dispatchEvent(Ljava/awt/AWTEvent;)V+46 java.desktop@19.0.2
j  java.awt.EventDispatchThread.pumpOneEventForFilters(I)V+81 java.desktop@19.0.2
j  java.awt.EventDispatchThread.pumpEventsForFilter(ILjava/awt/Conditional;Ljava/awt/EventFilter;)V+35 java.desktop@19.0.2
j  java.awt.EventDispatchThread.pumpEventsForHierarchy(ILjava/awt/Conditional;Ljava/awt/Component;)V+11 java.desktop@19.0.2
j  java.awt.EventDispatchThread.pumpEvents(ILjava/awt/Conditional;)V+4 java.desktop@19.0.2
j  java.awt.EventDispatchThread.pumpEvents(Ljava/awt/Conditional;)V+3 java.desktop@19.0.2
j  java.awt.EventDispatchThread.run()V+9 java.desktop@19.0.2
v  ~StubRoutines::call_stub 0x000002ce949c10e8

---------------  P R O C E S S  ---------------

Threads class SMR info:
_java_thread_list=0x000002cea83ef800, length=18, elements={
0x000002cea3ca5ce0, 0x000002cea3ca6f70, 0x000002cea3ca9160, 0x000002cea3caab90,
0x000002cea3cab750, 0x000002cea3caeda0, 0x000002cea3cb9250, 0x000002cea3cbcee0,
0x000002cea3cc1890, 0x000002cea80b3b70, 0x000002cea80ec6e0, 0x000002cea8155ef0,
0x000002cea82f0670, 0x000002cea8312820, 0x000002cea8312d60, 0x000002cea838d9f0,
0x000002ce8551e680, 0x000002cea8e934a0
}

Java Threads: ( => current thread )
  0x000002cea3ca5ce0 JavaThread "Reference Handler" daemon [_thread_blocked, id=12320, stack(0x000000efa0600000,0x000000efa0700000)]
  0x000002cea3ca6f70 JavaThread "Finalizer" daemon [_thread_blocked, id=12000, stack(0x000000efa0700000,0x000000efa0800000)]
  0x000002cea3ca9160 JavaThread "Signal Dispatcher" daemon [_thread_blocked, id=3952, stack(0x000000efa0800000,0x000000efa0900000)]
  0x000002cea3caab90 JavaThread "Attach Listener" daemon [_thread_blocked, id=7916, stack(0x000000efa0900000,0x000000efa0a00000)]
  0x000002cea3cab750 JavaThread "Service Thread" daemon [_thread_blocked, id=11700, stack(0x000000efa0a00000,0x000000efa0b00000)]
  0x000002cea3caeda0 JavaThread "Monitor Deflation Thread" daemon [_thread_blocked, id=3664, stack(0x000000efa0b00000,0x000000efa0c00000)]
  0x000002cea3cb9250 JavaThread "C2 CompilerThread0" daemon [_thread_blocked, id=13888, stack(0x000000efa0c00000,0x000000efa0d00000)]
  0x000002cea3cbcee0 JavaThread "C1 CompilerThread0" daemon [_thread_blocked, id=2916, stack(0x000000efa0d00000,0x000000efa0e00000)]
  0x000002cea3cc1890 JavaThread "Sweeper thread" daemon [_thread_blocked, id=8548, stack(0x000000efa0e00000,0x000000efa0f00000)]
  0x000002cea80b3b70 JavaThread "Common-Cleaner" daemon [_thread_blocked, id=5160, stack(0x000000efa0f00000,0x000000efa1000000)]
  0x000002cea80ec6e0 JavaThread "Notification Thread" daemon [_thread_blocked, id=5300, stack(0x000000efa1000000,0x000000efa1100000)]
  0x000002cea8155ef0 JavaThread "C2 CompilerThread1" daemon [_thread_blocked, id=8, stack(0x000000efa1200000,0x000000efa1300000)]
  0x000002cea82f0670 JavaThread "Java2D Disposer" daemon [_thread_blocked, id=7304, stack(0x000000efa1300000,0x000000efa1400000)]
  0x000002cea8312820 JavaThread "AWT-Shutdown" [_thread_blocked, id=13508, stack(0x000000efa1400000,0x000000efa1500000)]
  0x000002cea8312d60 JavaThread "AWT-Windows" daemon [_thread_in_native, id=14064, stack(0x000000efa1500000,0x000000efa1600000)]
=>0x000002cea838d9f0 JavaThread "AWT-EventQueue-0" [_thread_in_vm, id=14120, stack(0x000000efa1600000,0x000000efa1700000)]
  0x000002ce8551e680 JavaThread "DestroyJavaVM" [_thread_blocked, id=8720, stack(0x000000ef9ff00000,0x000000efa0000000)]
  0x000002cea8e934a0 JavaThread "mysql-cj-abandoned-connection-cleanup" daemon [_thread_blocked, id=12860, stack(0x000000efa1700000,0x000000efa1800000)]

Other Threads:
  0x000002cea3c89dc0 VMThread "VM Thread" [stack: 0x000000efa0500000,0x000000efa0600000] [id=13364]
  0x000002cea80ecc20 WatcherThread "VM Periodic Task Thread" [stack: 0x000000efa1100000,0x000000efa1200000] [id=8536]
  0x000002ce8557fb50 WorkerThread "GC Thread#0" [stack: 0x000000efa0000000,0x000000efa0100000] [id=5484]
  0x000002ce855902f0 ConcurrentGCThread "G1 Main Marker" [stack: 0x000000efa0100000,0x000000efa0200000] [id=2332]
  0x000002ce85590dc0 WorkerThread "G1 Conc#0" [stack: 0x000000efa0200000,0x000000efa0300000] [id=8396]
  0x000002ce855ee820 ConcurrentGCThread "G1 Refine#0" [stack: 0x000000efa0300000,0x000000efa0400000] [id=3012]
  0x000002cea3b484e0 ConcurrentGCThread "G1 Service" [stack: 0x000000efa0400000,0x000000efa0500000] [id=8908]

Threads with active compile tasks:

VM state: not at safepoint (normal execution)

VM Mutex/Monitor currently owned by a thread:  ([mutex/lock_event])
[0x000002ce85516db0] Metaspace_lock - owner thread: 0x000002cea838d9f0

Heap address: 0x0000000083600000, size: 1994 MB, Compressed Oops mode: 32-bit

CDS archive(s) mapped at: [0x0000000800000000-0x0000000800c40000-0x0000000800c40000), size 12845056, SharedBaseAddress: 0x0000000800000000, ArchiveRelocationMode: 0.
Compressed class space mapped at: 0x0000000801000000-0x0000000841000000, reserved size: 1073741824
Narrow klass base: 0x0000000800000000, Narrow klass shift: 0, Narrow klass range: 0x100000000

GC Precious Log:
 CardTable entry size: 512
 Card Set container configuration: InlinePtr #cards 5 size 8 Array Of Cards #cards 12 size 40 Howl #buckets 4 coarsen threshold 1843 Howl Bitmap #cards 512 size 80 coarsen threshold 460 Card regions per heap region 1 cards per card region 2048
 CPUs: 8 total, 8 available
 Memory: 7975M
 Large Page Support: Disabled
 NUMA Support: Disabled
 Compressed Oops: Enabled (32-bit)
 Heap Region Size: 1M
 Heap Min Capacity: 8M
 Heap Initial Capacity: 126M
 Heap Max Capacity: 1994M
 Pre-touch: Disabled
 Parallel Workers: 8
 Concurrent Workers: 2
 Concurrent Refinement Workers: 8
 Periodic GC: Disabled

Heap:
 garbage-first heap   total 129024K, used 15360K [0x0000000083600000, 0x0000000100000000)
  region size 1024K, 16 young (16384K), 0 survivors (0K)
 Metaspace       used 11960K, committed 12160K, reserved 1114112K
  class space    used 1297K, committed 1408K, reserved 1048576K

Heap Regions: E=young(eden), S=young(survivor), O=old, HS=humongous(starts), HC=humongous(continues), CS=collection set, F=free, OA=open archive, CA=closed archive, TAMS=top-at-mark-start (previous, next)
|   0|0x0000000083600000, 0x0000000083600000, 0x0000000083700000|  0%| F|  |TAMS 0x0000000083600000, 0x0000000083600000| Untracked 
|   1|0x0000000083700000, 0x0000000083700000, 0x0000000083800000|  0%| F|  |TAMS 0x0000000083700000, 0x0000000083700000| Untracked 
|   2|0x0000000083800000, 0x0000000083800000, 0x0000000083900000|  0%| F|  |TAMS 0x0000000083800000, 0x0000000083800000| Untracked 
|   3|0x0000000083900000, 0x0000000083900000, 0x0000000083a00000|  0%| F|  |TAMS 0x0000000083900000, 0x0000000083900000| Untracked 
|   4|0x0000000083a00000, 0x0000000083a00000, 0x0000000083b00000|  0%| F|  |TAMS 0x0000000083a00000, 0x0000000083a00000| Untracked 
|   5|0x0000000083b00000, 0x0000000083b00000, 0x0000000083c00000|  0%| F|  |TAMS 0x0000000083b00000, 0x0000000083b00000| Untracked 
|   6|0x0000000083c00000, 0x0000000083c00000, 0x0000000083d00000|  0%| F|  |TAMS 0x0000000083c00000, 0x0000000083c00000| Untracked 
|   7|0x0000000083d00000, 0x0000000083d00000, 0x0000000083e00000|  0%| F|  |TAMS 0x0000000083d00000, 0x0000000083d00000| Untracked 
|   8|0x0000000083e00000, 0x0000000083e00000, 0x0000000083f00000|  0%| F|  |TAMS 0x0000000083e00000, 0x0000000083e00000| Untracked 
|   9|0x0000000083f00000, 0x0000000083f00000, 0x0000000084000000|  0%| F|  |TAMS 0x0000000083f00000, 0x0000000083f00000| Untracked 
|  10|0x0000000084000000, 0x0000000084000000, 0x0000000084100000|  0%| F|  |TAMS 0x0000000084000000, 0x0000000084000000| Untracked 
|  11|0x0000000084100000, 0x0000000084100000, 0x0000000084200000|  0%| F|  |TAMS 0x0000000084100000, 0x0000000084100000| Untracked 
|  12|0x0000000084200000, 0x0000000084200000, 0x0000000084300000|  0%| F|  |TAMS 0x0000000084200000, 0x0000000084200000| Untracked 
|  13|0x0000000084300000, 0x0000000084300000, 0x0000000084400000|  0%| F|  |TAMS 0x0000000084300000, 0x0000000084300000| Untracked 
|  14|0x0000000084400000, 0x0000000084400000, 0x0000000084500000|  0%| F|  |TAMS 0x0000000084400000, 0x0000000084400000| Untracked 
|  15|0x0000000084500000, 0x0000000084500000, 0x0000000084600000|  0%| F|  |TAMS 0x0000000084500000, 0x0000000084500000| Untracked 
|  16|0x0000000084600000, 0x0000000084600000, 0x0000000084700000|  0%| F|  |TAMS 0x0000000084600000, 0x0000000084600000| Untracked 
|  17|0x0000000084700000, 0x0000000084700000, 0x0000000084800000|  0%| F|  |TAMS 0x0000000084700000, 0x0000000084700000| Untracked 
|  18|0x0000000084800000, 0x0000000084800000, 0x0000000084900000|  0%| F|  |TAMS 0x0000000084800000, 0x0000000084800000| Untracked 
|  19|0x0000000084900000, 0x0000000084900000, 0x0000000084a00000|  0%| F|  |TAMS 0x0000000084900000, 0x0000000084900000| Untracked 
|  20|0x0000000084a00000, 0x0000000084a00000, 0x0000000084b00000|  0%| F|  |TAMS 0x0000000084a00000, 0x0000000084a00000| Untracked 
|  21|0x0000000084b00000, 0x0000000084b00000, 0x0000000084c00000|  0%| F|  |TAMS 0x0000000084b00000, 0x0000000084b00000| Untracked 
|  22|0x0000000084c00000, 0x0000000084c00000, 0x0000000084d00000|  0%| F|  |TAMS 0x0000000084c00000, 0x0000000084c00000| Untracked 
|  23|0x0000000084d00000, 0x0000000084d00000, 0x0000000084e00000|  0%| F|  |TAMS 0x0000000084d00000, 0x0000000084d00000| Untracked 
|  24|0x0000000084e00000, 0x0000000084e00000, 0x0000000084f00000|  0%| F|  |TAMS 0x0000000084e00000, 0x0000000084e00000| Untracked 
|  25|0x0000000084f00000, 0x0000000084f00000, 0x0000000085000000|  0%| F|  |TAMS 0x0000000084f00000, 0x0000000084f00000| Untracked 
|  26|0x0000000085000000, 0x0000000085000000, 0x0000000085100000|  0%| F|  |TAMS 0x0000000085000000, 0x0000000085000000| Untracked 
|  27|0x0000000085100000, 0x0000000085100000, 0x0000000085200000|  0%| F|  |TAMS 0x0000000085100000, 0x0000000085100000| Untracked 
|  28|0x0000000085200000, 0x0000000085200000, 0x0000000085300000|  0%| F|  |TAMS 0x0000000085200000, 0x0000000085200000| Untracked 
|  29|0x0000000085300000, 0x0000000085300000, 0x0000000085400000|  0%| F|  |TAMS 0x0000000085300000, 0x0000000085300000| Untracked 
|  30|0x0000000085400000, 0x0000000085400000, 0x0000000085500000|  0%| F|  |TAMS 0x0000000085400000, 0x0000000085400000| Untracked 
|  31|0x0000000085500000, 0x0000000085500000, 0x0000000085600000|  0%| F|  |TAMS 0x0000000085500000, 0x0000000085500000| Untracked 
|  32|0x0000000085600000, 0x0000000085600000, 0x0000000085700000|  0%| F|  |TAMS 0x0000000085600000, 0x0000000085600000| Untracked 
|  33|0x0000000085700000, 0x0000000085700000, 0x0000000085800000|  0%| F|  |TAMS 0x0000000085700000, 0x0000000085700000| Untracked 
|  34|0x0000000085800000, 0x0000000085800000, 0x0000000085900000|  0%| F|  |TAMS 0x0000000085800000, 0x0000000085800000| Untracked 
|  35|0x0000000085900000, 0x0000000085900000, 0x0000000085a00000|  0%| F|  |TAMS 0x0000000085900000, 0x0000000085900000| Untracked 
|  36|0x0000000085a00000, 0x0000000085a00000, 0x0000000085b00000|  0%| F|  |TAMS 0x0000000085a00000, 0x0000000085a00000| Untracked 
|  37|0x0000000085b00000, 0x0000000085b00000, 0x0000000085c00000|  0%| F|  |TAMS 0x0000000085b00000, 0x0000000085b00000| Untracked 
|  38|0x0000000085c00000, 0x0000000085c00000, 0x0000000085d00000|  0%| F|  |TAMS 0x0000000085c00000, 0x0000000085c00000| Untracked 
|  39|0x0000000085d00000, 0x0000000085d00000, 0x0000000085e00000|  0%| F|  |TAMS 0x0000000085d00000, 0x0000000085d00000| Untracked 
|  40|0x0000000085e00000, 0x0000000085e00000, 0x0000000085f00000|  0%| F|  |TAMS 0x0000000085e00000, 0x0000000085e00000| Untracked 
|  41|0x0000000085f00000, 0x0000000085f00000, 0x0000000086000000|  0%| F|  |TAMS 0x0000000085f00000, 0x0000000085f00000| Untracked 
|  42|0x0000000086000000, 0x0000000086000000, 0x0000000086100000|  0%| F|  |TAMS 0x0000000086000000, 0x0000000086000000| Untracked 
|  43|0x0000000086100000, 0x0000000086100000, 0x0000000086200000|  0%| F|  |TAMS 0x0000000086100000, 0x0000000086100000| Untracked 
|  44|0x0000000086200000, 0x0000000086200000, 0x0000000086300000|  0%| F|  |TAMS 0x0000000086200000, 0x0000000086200000| Untracked 
|  45|0x0000000086300000, 0x0000000086300000, 0x0000000086400000|  0%| F|  |TAMS 0x0000000086300000, 0x0000000086300000| Untracked 
|  46|0x0000000086400000, 0x0000000086400000, 0x0000000086500000|  0%| F|  |TAMS 0x0000000086400000, 0x0000000086400000| Untracked 
|  47|0x0000000086500000, 0x0000000086500000, 0x0000000086600000|  0%| F|  |TAMS 0x0000000086500000, 0x0000000086500000| Untracked 
|  48|0x0000000086600000, 0x0000000086600000, 0x0000000086700000|  0%| F|  |TAMS 0x0000000086600000, 0x0000000086600000| Untracked 
|  49|0x0000000086700000, 0x0000000086700000, 0x0000000086800000|  0%| F|  |TAMS 0x0000000086700000, 0x0000000086700000| Untracked 
|  50|0x0000000086800000, 0x0000000086800000, 0x0000000086900000|  0%| F|  |TAMS 0x0000000086800000, 0x0000000086800000| Untracked 
|  51|0x0000000086900000, 0x0000000086900000, 0x0000000086a00000|  0%| F|  |TAMS 0x0000000086900000, 0x0000000086900000| Untracked 
|  52|0x0000000086a00000, 0x0000000086a00000, 0x0000000086b00000|  0%| F|  |TAMS 0x0000000086a00000, 0x0000000086a00000| Untracked 
|  53|0x0000000086b00000, 0x0000000086b00000, 0x0000000086c00000|  0%| F|  |TAMS 0x0000000086b00000, 0x0000000086b00000| Untracked 
|  54|0x0000000086c00000, 0x0000000086c00000, 0x0000000086d00000|  0%| F|  |TAMS 0x0000000086c00000, 0x0000000086c00000| Untracked 
|  55|0x0000000086d00000, 0x0000000086d00000, 0x0000000086e00000|  0%| F|  |TAMS 0x0000000086d00000, 0x0000000086d00000| Untracked 
|  56|0x0000000086e00000, 0x0000000086e00000, 0x0000000086f00000|  0%| F|  |TAMS 0x0000000086e00000, 0x0000000086e00000| Untracked 
|  57|0x0000000086f00000, 0x0000000086f00000, 0x0000000087000000|  0%| F|  |TAMS 0x0000000086f00000, 0x0000000086f00000| Untracked 
|  58|0x0000000087000000, 0x0000000087000000, 0x0000000087100000|  0%| F|  |TAMS 0x0000000087000000, 0x0000000087000000| Untracked 
|  59|0x0000000087100000, 0x0000000087100000, 0x0000000087200000|  0%| F|  |TAMS 0x0000000087100000, 0x0000000087100000| Untracked 
|  60|0x0000000087200000, 0x0000000087200000, 0x0000000087300000|  0%| F|  |TAMS 0x0000000087200000, 0x0000000087200000| Untracked 
|  61|0x0000000087300000, 0x0000000087300000, 0x0000000087400000|  0%| F|  |TAMS 0x0000000087300000, 0x0000000087300000| Untracked 
|  62|0x0000000087400000, 0x0000000087400000, 0x0000000087500000|  0%| F|  |TAMS 0x0000000087400000, 0x0000000087400000| Untracked 
|  63|0x0000000087500000, 0x0000000087500000, 0x0000000087600000|  0%| F|  |TAMS 0x0000000087500000, 0x0000000087500000| Untracked 
|  64|0x0000000087600000, 0x0000000087600000, 0x0000000087700000|  0%| F|  |TAMS 0x0000000087600000, 0x0000000087600000| Untracked 
|  65|0x0000000087700000, 0x0000000087700000, 0x0000000087800000|  0%| F|  |TAMS 0x0000000087700000, 0x0000000087700000| Untracked 
|  66|0x0000000087800000, 0x0000000087800000, 0x0000000087900000|  0%| F|  |TAMS 0x0000000087800000, 0x0000000087800000| Untracked 
|  67|0x0000000087900000, 0x0000000087900000, 0x0000000087a00000|  0%| F|  |TAMS 0x0000000087900000, 0x0000000087900000| Untracked 
|  68|0x0000000087a00000, 0x0000000087a00000, 0x0000000087b00000|  0%| F|  |TAMS 0x0000000087a00000, 0x0000000087a00000| Untracked 
|  69|0x0000000087b00000, 0x0000000087b00000, 0x0000000087c00000|  0%| F|  |TAMS 0x0000000087b00000, 0x0000000087b00000| Untracked 
|  70|0x0000000087c00000, 0x0000000087c00000, 0x0000000087d00000|  0%| F|  |TAMS 0x0000000087c00000, 0x0000000087c00000| Untracked 
|  71|0x0000000087d00000, 0x0000000087d00000, 0x0000000087e00000|  0%| F|  |TAMS 0x0000000087d00000, 0x0000000087d00000| Untracked 
|  72|0x0000000087e00000, 0x0000000087e00000, 0x0000000087f00000|  0%| F|  |TAMS 0x0000000087e00000, 0x0000000087e00000| Untracked 
|  73|0x0000000087f00000, 0x0000000087f00000, 0x0000000088000000|  0%| F|  |TAMS 0x0000000087f00000, 0x0000000087f00000| Untracked 
|  74|0x0000000088000000, 0x0000000088000000, 0x0000000088100000|  0%| F|  |TAMS 0x0000000088000000, 0x0000000088000000| Untracked 
|  75|0x0000000088100000, 0x0000000088100000, 0x0000000088200000|  0%| F|  |TAMS 0x0000000088100000, 0x0000000088100000| Untracked 
|  76|0x0000000088200000, 0x0000000088200000, 0x0000000088300000|  0%| F|  |TAMS 0x0000000088200000, 0x0000000088200000| Untracked 
|  77|0x0000000088300000, 0x0000000088300000, 0x0000000088400000|  0%| F|  |TAMS 0x0000000088300000, 0x0000000088300000| Untracked 
|  78|0x0000000088400000, 0x0000000088400000, 0x0000000088500000|  0%| F|  |TAMS 0x0000000088400000, 0x0000000088400000| Untracked 
|  79|0x0000000088500000, 0x0000000088500000, 0x0000000088600000|  0%| F|  |TAMS 0x0000000088500000, 0x0000000088500000| Untracked 
|  80|0x0000000088600000, 0x0000000088600000, 0x0000000088700000|  0%| F|  |TAMS 0x0000000088600000, 0x0000000088600000| Untracked 
|  81|0x0000000088700000, 0x0000000088700000, 0x0000000088800000|  0%| F|  |TAMS 0x0000000088700000, 0x0000000088700000| Untracked 
|  82|0x0000000088800000, 0x0000000088800000, 0x0000000088900000|  0%| F|  |TAMS 0x0000000088800000, 0x0000000088800000| Untracked 
|  83|0x0000000088900000, 0x0000000088900000, 0x0000000088a00000|  0%| F|  |TAMS 0x0000000088900000, 0x0000000088900000| Untracked 
|  84|0x0000000088a00000, 0x0000000088a00000, 0x0000000088b00000|  0%| F|  |TAMS 0x0000000088a00000, 0x0000000088a00000| Untracked 
|  85|0x0000000088b00000, 0x0000000088b00000, 0x0000000088c00000|  0%| F|  |TAMS 0x0000000088b00000, 0x0000000088b00000| Untracked 
|  86|0x0000000088c00000, 0x0000000088c00000, 0x0000000088d00000|  0%| F|  |TAMS 0x0000000088c00000, 0x0000000088c00000| Untracked 
|  87|0x0000000088d00000, 0x0000000088d00000, 0x0000000088e00000|  0%| F|  |TAMS 0x0000000088d00000, 0x0000000088d00000| Untracked 
|  88|0x0000000088e00000, 0x0000000088e00000, 0x0000000088f00000|  0%| F|  |TAMS 0x0000000088e00000, 0x0000000088e00000| Untracked 
|  89|0x0000000088f00000, 0x0000000088f00000, 0x0000000089000000|  0%| F|  |TAMS 0x0000000088f00000, 0x0000000088f00000| Untracked 
|  90|0x0000000089000000, 0x0000000089000000, 0x0000000089100000|  0%| F|  |TAMS 0x0000000089000000, 0x0000000089000000| Untracked 
|  91|0x0000000089100000, 0x0000000089100000, 0x0000000089200000|  0%| F|  |TAMS 0x0000000089100000, 0x0000000089100000| Untracked 
|  92|0x0000000089200000, 0x0000000089200000, 0x0000000089300000|  0%| F|  |TAMS 0x0000000089200000, 0x0000000089200000| Untracked 
|  93|0x0000000089300000, 0x0000000089300000, 0x0000000089400000|  0%| F|  |TAMS 0x0000000089300000, 0x0000000089300000| Untracked 
|  94|0x0000000089400000, 0x0000000089400000, 0x0000000089500000|  0%| F|  |TAMS 0x0000000089400000, 0x0000000089400000| Untracked 
|  95|0x0000000089500000, 0x0000000089500000, 0x0000000089600000|  0%| F|  |TAMS 0x0000000089500000, 0x0000000089500000| Untracked 
|  96|0x0000000089600000, 0x0000000089600000, 0x0000000089700000|  0%| F|  |TAMS 0x0000000089600000, 0x0000000089600000| Untracked 
|  97|0x0000000089700000, 0x0000000089700000, 0x0000000089800000|  0%| F|  |TAMS 0x0000000089700000, 0x0000000089700000| Untracked 
|  98|0x0000000089800000, 0x0000000089800000, 0x0000000089900000|  0%| F|  |TAMS 0x0000000089800000, 0x0000000089800000| Untracked 
|  99|0x0000000089900000, 0x0000000089900000, 0x0000000089a00000|  0%| F|  |TAMS 0x0000000089900000, 0x0000000089900000| Untracked 
| 100|0x0000000089a00000, 0x0000000089a00000, 0x0000000089b00000|  0%| F|  |TAMS 0x0000000089a00000, 0x0000000089a00000| Untracked 
| 101|0x0000000089b00000, 0x0000000089b00000, 0x0000000089c00000|  0%| F|  |TAMS 0x0000000089b00000, 0x0000000089b00000| Untracked 
| 102|0x0000000089c00000, 0x0000000089c00000, 0x0000000089d00000|  0%| F|  |TAMS 0x0000000089c00000, 0x0000000089c00000| Untracked 
| 103|0x0000000089d00000, 0x0000000089d00000, 0x0000000089e00000|  0%| F|  |TAMS 0x0000000089d00000, 0x0000000089d00000| Untracked 
| 104|0x0000000089e00000, 0x0000000089e00000, 0x0000000089f00000|  0%| F|  |TAMS 0x0000000089e00000, 0x0000000089e00000| Untracked 
| 105|0x0000000089f00000, 0x0000000089f00000, 0x000000008a000000|  0%| F|  |TAMS 0x0000000089f00000, 0x0000000089f00000| Untracked 
| 106|0x000000008a000000, 0x000000008a000000, 0x000000008a100000|  0%| F|  |TAMS 0x000000008a000000, 0x000000008a000000| Untracked 
| 107|0x000000008a100000, 0x000000008a100000, 0x000000008a200000|  0%| F|  |TAMS 0x000000008a100000, 0x000000008a100000| Untracked 
| 108|0x000000008a200000, 0x000000008a200000, 0x000000008a300000|  0%| F|  |TAMS 0x000000008a200000, 0x000000008a200000| Untracked 
| 109|0x000000008a300000, 0x000000008a300000, 0x000000008a400000|  0%| F|  |TAMS 0x000000008a300000, 0x000000008a300000| Untracked 
| 110|0x000000008a400000, 0x000000008a4ef8d0, 0x000000008a500000| 93%| E|  |TAMS 0x000000008a400000, 0x000000008a400000| Complete 
| 111|0x000000008a500000, 0x000000008a600000, 0x000000008a600000|100%| E|CS|TAMS 0x000000008a500000, 0x000000008a500000| Complete 
| 112|0x000000008a600000, 0x000000008a700000, 0x000000008a700000|100%| E|CS|TAMS 0x000000008a600000, 0x000000008a600000| Complete 
| 113|0x000000008a700000, 0x000000008a800000, 0x000000008a800000|100%| E|CS|TAMS 0x000000008a700000, 0x000000008a700000| Complete 
| 114|0x000000008a800000, 0x000000008a900000, 0x000000008a900000|100%| E|CS|TAMS 0x000000008a800000, 0x000000008a800000| Complete 
| 115|0x000000008a900000, 0x000000008aa00000, 0x000000008aa00000|100%| E|CS|TAMS 0x000000008a900000, 0x000000008a900000| Complete 
| 116|0x000000008aa00000, 0x000000008ab00000, 0x000000008ab00000|100%| E|CS|TAMS 0x000000008aa00000, 0x000000008aa00000| Complete 
| 117|0x000000008ab00000, 0x000000008ac00000, 0x000000008ac00000|100%| E|CS|TAMS 0x000000008ab00000, 0x000000008ab00000| Complete 
| 118|0x000000008ac00000, 0x000000008ad00000, 0x000000008ad00000|100%| E|CS|TAMS 0x000000008ac00000, 0x000000008ac00000| Complete 
| 119|0x000000008ad00000, 0x000000008ae00000, 0x000000008ae00000|100%| E|CS|TAMS 0x000000008ad00000, 0x000000008ad00000| Complete 
| 120|0x000000008ae00000, 0x000000008af00000, 0x000000008af00000|100%| E|CS|TAMS 0x000000008ae00000, 0x000000008ae00000| Complete 
| 121|0x000000008af00000, 0x000000008b000000, 0x000000008b000000|100%| E|CS|TAMS 0x000000008af00000, 0x000000008af00000| Complete 
| 122|0x000000008b000000, 0x000000008b100000, 0x000000008b100000|100%| E|CS|TAMS 0x000000008b000000, 0x000000008b000000| Complete 
| 123|0x000000008b100000, 0x000000008b200000, 0x000000008b200000|100%| E|CS|TAMS 0x000000008b100000, 0x000000008b100000| Complete 
| 124|0x000000008b200000, 0x000000008b300000, 0x000000008b300000|100%| E|CS|TAMS 0x000000008b200000, 0x000000008b200000| Complete 
| 125|0x000000008b300000, 0x000000008b400000, 0x000000008b400000|100%| E|CS|TAMS 0x000000008b300000, 0x000000008b300000| Complete 

Card table byte_map: [0x000002ce9cbc0000,0x000002ce9cfb0000] _byte_map_base: 0x000002ce9c7a5000

Marking Bits (Prev, Next): (CMBitMap*) 0x000002ce85580080, (CMBitMap*) 0x000002ce855800c0
 Prev Bits: [0x000002ce9d3a0000, 0x000002ce9f2c8000)
 Next Bits: [0x000002ce9f2d0000, 0x000002cea11f8000)

Polling page: 0x000002ce84cf0000

Metaspace:

Usage:
  Non-class:     10.41 MB used.
      Class:      1.27 MB used.
       Both:     11.68 MB used.

Virtual space:
  Non-class space:       64.00 MB reserved,      10.50 MB ( 16%) committed,  1 nodes.
      Class space:        1.00 GB reserved,       1.38 MB ( <1%) committed,  1 nodes.
             Both:        1.06 GB reserved,      11.88 MB (  1%) committed. 

Chunk freelists:
   Non-Class:  984.00 KB
       Class:  2.63 MB
        Both:  3.59 MB

MaxMetaspaceSize: unlimited
CompressedClassSpaceSize: 1.00 GB
Initial GC threshold: 21.00 MB
Current GC threshold: 21.00 MB
CDS: on
MetaspaceReclaimPolicy: balanced
 - commit_granule_bytes: 65536.
 - commit_granule_words: 8192.
 - virtual_space_node_default_size: 8388608.
 - enlarge_chunks_in_place: 1.
 - new_chunks_are_fully_committed: 0.
 - uncommit_free_chunks: 1.
 - use_allocation_guard: 0.


Internal statistics:

num_allocs_failed_limit: 0.
num_arena_births: 156.
num_arena_deaths: 0.
num_vsnodes_births: 2.
num_vsnodes_deaths: 0.
num_space_committed: 190.
num_space_uncommitted: 0.
num_chunks_returned_to_freelist: 0.
num_chunks_taken_from_freelist: 283.
num_chunk_merges: 0.
num_chunk_splits: 190.
num_chunks_enlarged: 132.
num_inconsistent_stats: 0.

CodeHeap 'non-profiled nmethods': size=120000Kb used=395Kb max_used=395Kb free=119604Kb
 bounds [0x000002ce94f60000, 0x000002ce951d0000, 0x000002ce9c490000]
CodeHeap 'profiled nmethods': size=120000Kb used=1839Kb max_used=1839Kb free=118160Kb
 bounds [0x000002ce8d490000, 0x000002ce8d700000, 0x000002ce949c0000]
CodeHeap 'non-nmethods': size=5760Kb used=1380Kb max_used=1397Kb free=4379Kb
 bounds [0x000002ce949c0000, 0x000002ce94c30000, 0x000002ce94f60000]
 total_blobs=1755 nmethods=1142 adapters=524
 compilation: enabled
              stopped_count=0, restarted_count=0
 full_count=0

Compilation events (20 events):
Event: 0.663 Thread 0x000002cea3cbcee0 1135       3       jdk.internal.misc.Unsafe::convEndian (16 bytes)
Event: 0.663 Thread 0x000002cea3cbcee0 nmethod 1135 0x000002ce8d656c10 code [0x000002ce8d656dc0, 0x000002ce8d656f78]
Event: 0.663 Thread 0x000002cea3cbcee0 1133       3       java.lang.invoke.VarHandle::accessModeType (41 bytes)
Event: 0.663 Thread 0x000002cea3cbcee0 nmethod 1133 0x000002ce8d657010 code [0x000002ce8d657200, 0x000002ce8d6579d8]
Event: 0.663 Thread 0x000002cea3cbcee0 1128       3       java.lang.invoke.VarForm::getMemberName (31 bytes)
Event: 0.664 Thread 0x000002cea3cbcee0 nmethod 1128 0x000002ce8d657c10 code [0x000002ce8d657de0, 0x000002ce8d658098]
Event: 0.664 Thread 0x000002cea3cbcee0 1129       3       java.lang.invoke.VarHandleGuards::guard_LI_I (78 bytes)
Event: 0.664 Thread 0x000002cea3cbcee0 nmethod 1129 0x000002ce8d658210 code [0x000002ce8d658540, 0x000002ce8d659e78]
Event: 0.664 Thread 0x000002cea3cbcee0 1130       3       java.lang.invoke.VarHandleByteArrayAsInts$ArrayHandle::get (36 bytes)
Event: 0.664 Thread 0x000002cea3cbcee0 nmethod 1130 0x000002ce8d65a590 code [0x000002ce8d65a760, 0x000002ce8d65ab48]
Event: 0.664 Thread 0x000002cea3cbcee0 1131       3       java.lang.invoke.VarHandleByteArrayAsInts$ArrayHandle::index (12 bytes)
Event: 0.664 Thread 0x000002cea3cbcee0 nmethod 1131 0x000002ce8d65ad10 code [0x000002ce8d65aec0, 0x000002ce8d65aff8]
Event: 0.664 Thread 0x000002cea3cbcee0 1132       3       jdk.internal.misc.Unsafe::getIntUnaligned (12 bytes)
Event: 0.664 Thread 0x000002cea3cbcee0 nmethod 1132 0x000002ce8d65b110 code [0x000002ce8d65b2c0, 0x000002ce8d65b518]
Event: 0.677 Thread 0x000002cea3cbcee0 1138       1       sun.nio.fs.NativeBuffer::address (5 bytes)
Event: 0.677 Thread 0x000002cea3cbcee0 nmethod 1138 0x000002ce94fc2410 code [0x000002ce94fc25a0, 0x000002ce94fc2658]
Event: 0.677 Thread 0x000002cea3cbcee0 1139       3       java.lang.ref.Reference::refersTo (6 bytes)
Event: 0.677 Thread 0x000002cea3cbcee0 nmethod 1139 0x000002ce8d65b610 code [0x000002ce8d65b7c0, 0x000002ce8d65b988]
Event: 0.678 Thread 0x000002cea3cbcee0 1142       3       sun.invoke.util.BytecodeDescriptor::unparse (24 bytes)
Event: 0.678 Thread 0x000002cea3cbcee0 nmethod 1142 0x000002ce8d65ba10 code [0x000002ce8d65bbe0, 0x000002ce8d65bde8]

GC Heap History (0 events):
No events

Dll operation events (10 events):
Event: 0.008 Loaded shared library D:\Program Files\Java\jdk-19\bin\java.dll
Event: 0.028 Loaded shared library D:\Program Files\Java\jdk-19\bin\jsvml.dll
Event: 0.087 Loaded shared library D:\Program Files\Java\jdk-19\bin\net.dll
Event: 0.089 Loaded shared library D:\Program Files\Java\jdk-19\bin\nio.dll
Event: 0.110 Loaded shared library D:\Program Files\Java\jdk-19\bin\zip.dll
Event: 0.123 Loaded shared library D:\Program Files\Java\jdk-19\bin\jimage.dll
Event: 0.138 Loaded shared library D:\Program Files\Java\jdk-19\bin\awt.dll
Event: 0.261 Loaded shared library D:\Program Files\Java\jdk-19\bin\freetype.dll
Event: 0.262 Loaded shared library D:\Program Files\Java\jdk-19\bin\fontmanager.dll
Event: 0.475 Loaded shared library D:\Program Files\Java\jdk-19\bin\extnet.dll

Deoptimization events (20 events):
Event: 0.486 Thread 0x000002cea838d9f0 DEOPT PACKING pc=0x000002ce8d5992d7 sp=0x000000efa16fa000
Event: 0.486 Thread 0x000002cea838d9f0 DEOPT UNPACKING pc=0x000002ce94a2b0e3 sp=0x000000efa16f9498 mode 0
Event: 0.543 Thread 0x000002cea838d9f0 Uncommon trap: trap_request=0xffffffde fr.pc=0x000002ce94f8dae8 relative=0x0000000000000a48
Event: 0.543 Thread 0x000002cea838d9f0 Uncommon trap: reason=class_check action=maybe_recompile pc=0x000002ce94f8dae8 method=java.util.HashMap.putVal(ILjava/lang/Object;Ljava/lang/Object;ZZ)Ljava/lang/Object; @ 203 c2
Event: 0.543 Thread 0x000002cea838d9f0 DEOPT PACKING pc=0x000002ce94f8dae8 sp=0x000000efa16fde80
Event: 0.543 Thread 0x000002cea838d9f0 DEOPT UNPACKING pc=0x000002ce94a2a5a3 sp=0x000000efa16fdda0 mode 2
Event: 0.552 Thread 0x000002cea838d9f0 DEOPT PACKING pc=0x000002ce8d595551 sp=0x000000efa16fda70
Event: 0.552 Thread 0x000002cea838d9f0 DEOPT UNPACKING pc=0x000002ce94a2b0e3 sp=0x000000efa16fcf68 mode 0
Event: 0.583 Thread 0x000002cea838d9f0 Uncommon trap: trap_request=0xffffffde fr.pc=0x000002ce94f8dae8 relative=0x0000000000000a48
Event: 0.583 Thread 0x000002cea838d9f0 Uncommon trap: reason=class_check action=maybe_recompile pc=0x000002ce94f8dae8 method=java.util.HashMap.putVal(ILjava/lang/Object;Ljava/lang/Object;ZZ)Ljava/lang/Object; @ 203 c2
Event: 0.583 Thread 0x000002cea838d9f0 DEOPT PACKING pc=0x000002ce94f8dae8 sp=0x000000efa16fcc60
Event: 0.583 Thread 0x000002cea838d9f0 DEOPT UNPACKING pc=0x000002ce94a2a5a3 sp=0x000000efa16fcb98 mode 2
Event: 0.583 Thread 0x000002cea838d9f0 Uncommon trap: trap_request=0xffffffde fr.pc=0x000002ce94f8dae8 relative=0x0000000000000a48
Event: 0.583 Thread 0x000002cea838d9f0 Uncommon trap: reason=class_check action=maybe_recompile pc=0x000002ce94f8dae8 method=java.util.HashMap.putVal(ILjava/lang/Object;Ljava/lang/Object;ZZ)Ljava/lang/Object; @ 203 c2
Event: 0.583 Thread 0x000002cea838d9f0 DEOPT PACKING pc=0x000002ce94f8dae8 sp=0x000000efa16fcc60
Event: 0.583 Thread 0x000002cea838d9f0 DEOPT UNPACKING pc=0x000002ce94a2a5a3 sp=0x000000efa16fcb98 mode 2
Event: 0.583 Thread 0x000002cea838d9f0 Uncommon trap: trap_request=0xffffffde fr.pc=0x000002ce94f8dae8 relative=0x0000000000000a48
Event: 0.583 Thread 0x000002cea838d9f0 Uncommon trap: reason=class_check action=maybe_recompile pc=0x000002ce94f8dae8 method=java.util.HashMap.putVal(ILjava/lang/Object;Ljava/lang/Object;ZZ)Ljava/lang/Object; @ 203 c2
Event: 0.583 Thread 0x000002cea838d9f0 DEOPT PACKING pc=0x000002ce94f8dae8 sp=0x000000efa16fcc60
Event: 0.583 Thread 0x000002cea838d9f0 DEOPT UNPACKING pc=0x000002ce94a2a5a3 sp=0x000000efa16fcb98 mode 2

Classes loaded (20 events):
Event: 0.669 Loading class java/net/NetworkInterface$1
Event: 0.669 Loading class java/net/NetworkInterface$1 done
Event: 0.678 Loading class sun/security/provider/AbstractDrbg$NonceProvider
Event: 0.679 Loading class sun/security/provider/AbstractDrbg$NonceProvider done
Event: 0.679 Loading class sun/security/provider/SHA2$SHA256
Event: 0.679 Loading class sun/security/provider/SHA2
Event: 0.679 Loading class sun/security/provider/SHA2 done
Event: 0.679 Loading class sun/security/provider/SHA2$SHA256 done
Event: 0.680 Loading class sun/security/ssl/SSLSocketFactoryImpl
Event: 0.680 Loading class javax/net/ssl/SSLSocketFactory
Event: 0.680 Loading class javax/net/SocketFactory
Event: 0.680 Loading class javax/net/SocketFactory done
Event: 0.680 Loading class javax/net/ssl/SSLSocketFactory done
Event: 0.680 Loading class sun/security/ssl/SSLSocketFactoryImpl done
Event: 0.680 Loading class sun/security/ssl/SSLSocketImpl
Event: 0.681 Loading class sun/security/ssl/SSLTransport
Event: 0.681 Loading class sun/security/ssl/SSLTransport done
Event: 0.682 Loading class sun/security/ssl/BaseSSLSocketImpl
Event: 0.682 Loading class sun/security/ssl/BaseSSLSocketImpl done
Event: 0.682 Loading class sun/security/ssl/SSLSocketImpl done

Classes unloaded (0 events):
No events

Classes redefined (0 events):
No events

Internal exceptions (20 events):
Event: 0.299 Thread 0x000002ce8551e680 Exception <a 'java/lang/ClassNotFoundException'{0x000000008ae9e5f0}: javax/swing/JToolBarSeparator> (0x000000008ae9e5f0) 
thrown [s\open\src\hotspot\share\classfile\systemDictionary.cpp, line 255]
Event: 0.299 Thread 0x000002ce8551e680 Exception <a 'java/lang/ClassNotFoundException'{0x000000008ae9e900}: ToolBarSeparator> (0x000000008ae9e900) 
thrown [s\open\src\hotspot\share\classfile\systemDictionary.cpp, line 255]
Event: 0.299 Thread 0x000002ce8551e680 Exception <a 'java/lang/ClassNotFoundException'{0x000000008ae9ee18}: ToolTip> (0x000000008ae9ee18) 
thrown [s\open\src\hotspot\share\classfile\systemDictionary.cpp, line 255]
Event: 0.300 Thread 0x000002ce8551e680 Exception <a 'java/lang/ClassNotFoundException'{0x000000008ae9f768}: Tree> (0x000000008ae9f768) 
thrown [s\open\src\hotspot\share\classfile\systemDictionary.cpp, line 255]
Event: 0.300 Thread 0x000002ce8551e680 Exception <a 'java/lang/ClassNotFoundException'{0x000000008ae9fc60}: Tree> (0x000000008ae9fc60) 
thrown [s\open\src\hotspot\share\classfile\systemDictionary.cpp, line 255]
Event: 0.300 Thread 0x000002ce8551e680 Exception <a 'java/lang/ClassNotFoundException'{0x000000008ae9ffd0}: javax/swing/JTreeCell> (0x000000008ae9ffd0) 
thrown [s\open\src\hotspot\share\classfile\systemDictionary.cpp, line 255]
Event: 0.300 Thread 0x000002ce8551e680 Exception <a 'java/lang/ClassNotFoundException'{0x000000008aea02d8}: TreeCell> (0x000000008aea02d8) 
thrown [s\open\src\hotspot\share\classfile\systemDictionary.cpp, line 255]
Event: 0.301 Thread 0x000002ce8551e680 Exception <a 'java/lang/ClassNotFoundException'{0x000000008aea0a90}: RootPane> (0x000000008aea0a90) 
thrown [s\open\src\hotspot\share\classfile\systemDictionary.cpp, line 255]
Event: 0.303 Thread 0x000002ce8551e680 Exception <a 'java/lang/ClassNotFoundException'{0x000000008aea38a0}: com/sun/swing/internal/plaf/metal/resources/spi/metalProvider> (0x000000008aea38a0) 
thrown [s\open\src\hotspot\share\classfile\systemDictionary.cpp, line 255]
Event: 0.304 Thread 0x000002ce8551e680 Exception <a 'java/lang/ClassNotFoundException'{0x000000008aea7520}: com/sun/swing/internal/plaf/basic/resources/spi/basicProvider> (0x000000008aea7520) 
thrown [s\open\src\hotspot\share\classfile\systemDictionary.cpp, line 255]
Event: 0.328 Thread 0x000002cea838d9f0 Exception <a 'java/lang/ClassNotFoundException'{0x000000008ad01e80}: com/sun/swing/internal/plaf/synth/resources/spi/synthProvider> (0x000000008ad01e80) 
thrown [s\open\src\hotspot\share\classfile\systemDictionary.cpp, line 255]
Event: 0.344 Thread 0x000002cea838d9f0 Exception <a 'java/lang/NoSuchMethodError'{0x000000008ad45708}: 'int java.lang.invoke.Invokers$Holder.invokeExact_MT(java.lang.Object, java.lang.Object)'> (0x000000008ad45708) 
thrown [s\open\src\hotspot\share\interpreter\linkResolver.cpp, line 774]
Event: 0.386 Thread 0x000002cea838d9f0 Exception <a 'java/lang/NoSuchMethodError'{0x000000008aca3838}: 'java.lang.Object java.lang.invoke.DirectMethodHandle$Holder.invokeInterface(java.lang.Object, java.lang.Object)'> (0x000000008aca3838) 
thrown [s\open\src\hotspot\share\interpreter\linkResolver.cpp, line 774]
Event: 0.406 Thread 0x000002cea838d9f0 Exception <a 'java/lang/NoSuchMethodError'{0x000000008ab1f400}: 'void java.lang.invoke.DirectMethodHandle$Holder.invokeStatic(java.lang.Object, java.lang.Object, java.lang.Object)'> (0x000000008ab1f400) 
thrown [s\open\src\hotspot\share\interpreter\linkResolver.cpp, line 774]
Event: 0.407 Thread 0x000002cea838d9f0 Exception <a 'java/lang/NoSuchMethodError'{0x000000008ab291e8}: 'java.lang.Object java.lang.invoke.DirectMethodHandle$Holder.invokeVirtual(java.lang.Object, java.lang.Object, java.lang.Object)'> (0x000000008ab291e8) 
thrown [s\open\src\hotspot\share\interpreter\linkResolver.cpp, line 774]
Event: 0.477 Thread 0x000002cea838d9f0 Exception <a 'java/lang/NoSuchMethodError'{0x000000008a83a248}: 'void java.lang.invoke.DirectMethodHandle$Holder.invokeStatic(java.lang.Object, java.lang.Object)'> (0x000000008a83a248) 
thrown [s\open\src\hotspot\share\interpreter\linkResolver.cpp, line 774]
Event: 0.553 Thread 0x000002cea838d9f0 Exception <a 'java/lang/NoSuchMethodError'{0x000000008a6b94d8}: 'void java.lang.invoke.DirectMethodHandle$Holder.invokeStaticInit(java.lang.Object, java.lang.Object)'> (0x000000008a6b94d8) 
thrown [s\open\src\hotspot\share\interpreter\linkResolver.cpp, line 774]
Event: 0.608 Thread 0x000002cea838d9f0 Exception <a 'sun/nio/fs/WindowsException'{0x000000008a5ee258}> (0x000000008a5ee258) 
thrown [s\open\src\hotspot\share\prims\jni.cpp, line 517]
Event: 0.654 Thread 0x000002cea838d9f0 Exception <a 'java/lang/NoSuchMethodError'{0x000000008a4a7778}: 'java.lang.Object java.lang.invoke.DirectMethodHandle$Holder.invokeStaticInit(java.lang.Object, int, int, int, int)'> (0x000000008a4a7778) 
thrown [s\open\src\hotspot\share\interpreter\linkResolver.cpp, line 774]
Event: 0.677 Thread 0x000002cea838d9f0 Exception <a 'java/lang/NoSuchMethodError'{0x000000008a4c3708}: 'java.lang.Object java.lang.invoke.DirectMethodHandle$Holder.invokeStaticInit(java.lang.Object, java.lang.Object, int, int, int, int)'> (0x000000008a4c3708) 
thrown [s\open\src\hotspot\share\interpreter\linkResolver.cpp, line 774]

VM Operations (12 events):
Event: 0.096 Executing VM operation: HandshakeAllThreads
Event: 0.096 Executing VM operation: HandshakeAllThreads done
Event: 0.355 Executing VM operation: HandshakeAllThreads
Event: 0.355 Executing VM operation: HandshakeAllThreads done
Event: 0.371 Executing VM operation: HandshakeAllThreads
Event: 0.371 Executing VM operation: HandshakeAllThreads done
Event: 0.460 Executing VM operation: HandshakeAllThreads
Event: 0.460 Executing VM operation: HandshakeAllThreads done
Event: 0.619 Executing VM operation: HandshakeAllThreads
Event: 0.619 Executing VM operation: HandshakeAllThreads done
Event: 0.646 Executing VM operation: ICBufferFull
Event: 0.646 Executing VM operation: ICBufferFull done

Events (20 events):
Event: 0.028 Thread 0x000002ce8551e680 Thread added: 0x000002ce8551e680
Event: 0.045 Thread 0x000002cea3ca5ce0 Thread added: 0x000002cea3ca5ce0
Event: 0.045 Thread 0x000002cea3ca6f70 Thread added: 0x000002cea3ca6f70
Event: 0.046 Thread 0x000002cea3ca9160 Thread added: 0x000002cea3ca9160
Event: 0.046 Thread 0x000002cea3caab90 Thread added: 0x000002cea3caab90
Event: 0.046 Thread 0x000002cea3cab750 Thread added: 0x000002cea3cab750
Event: 0.046 Thread 0x000002cea3caeda0 Thread added: 0x000002cea3caeda0
Event: 0.046 Thread 0x000002cea3cb9250 Thread added: 0x000002cea3cb9250
Event: 0.046 Thread 0x000002cea3cbcee0 Thread added: 0x000002cea3cbcee0
Event: 0.046 Thread 0x000002cea3cc1890 Thread added: 0x000002cea3cc1890
Event: 0.074 Thread 0x000002cea80b3b70 Thread added: 0x000002cea80b3b70
Event: 0.104 Thread 0x000002cea80ec6e0 Thread added: 0x000002cea80ec6e0
Event: 0.109 Thread 0x000002cea8155ef0 Thread added: 0x000002cea8155ef0
Event: 0.194 Thread 0x000002cea82f0670 Thread added: 0x000002cea82f0670
Event: 0.195 Thread 0x000002cea8312820 Thread added: 0x000002cea8312820
Event: 0.196 Thread 0x000002cea8312d60 Thread added: 0x000002cea8312d60
Event: 0.317 Thread 0x000002cea838d9f0 Thread added: 0x000002cea838d9f0
Event: 0.318 Thread 0x000002ce8551e680 Thread exited: 0x000002ce8551e680
Event: 0.318 Thread 0x000002ce8551e680 Thread added: 0x000002ce8551e680
Event: 0.357 Thread 0x000002cea8e934a0 Thread added: 0x000002cea8e934a0


Dynamic libraries:
0x00007ff7cfdb0000 - 0x00007ff7cfdc0000 	D:\Program Files\Java\jdk-19\bin\java.exe
0x00007ffa26e40000 - 0x00007ffa27049000 	C:\WINDOWS\SYSTEM32\ntdll.dll
0x00007ffa25f30000 - 0x00007ffa25fed000 	C:\WINDOWS\System32\KERNEL32.DLL
0x00007ffa24900000 - 0x00007ffa24c84000 	C:\WINDOWS\System32\KERNELBASE.dll
0x00007ffa243f0000 - 0x00007ffa24501000 	C:\WINDOWS\System32\ucrtbase.dll
0x00007ffa20580000 - 0x00007ffa2059b000 	D:\Program Files\Java\jdk-19\bin\VCRUNTIME140.dll
0x00007ff9f8cf0000 - 0x00007ff9f8d08000 	D:\Program Files\Java\jdk-19\bin\jli.dll
0x00007ffa24ea0000 - 0x00007ffa24f4e000 	C:\WINDOWS\System32\ADVAPI32.dll
0x00007ffa24d00000 - 0x00007ffa24da3000 	C:\WINDOWS\System32\msvcrt.dll
0x00007ffa266a0000 - 0x00007ffa2673e000 	C:\WINDOWS\System32\sechost.dll
0x00007ffa269b0000 - 0x00007ffa26ad1000 	C:\WINDOWS\System32\RPCRT4.dll
0x00007ffa26c50000 - 0x00007ffa26dfd000 	C:\WINDOWS\System32\USER32.dll
0x00007ffa24590000 - 0x00007ffa245b6000 	C:\WINDOWS\System32\win32u.dll
0x00007ffa06c30000 - 0x00007ffa06ed5000 	C:\WINDOWS\WinSxS\amd64_microsoft.windows.common-controls_6595b64144ccf1df_6.0.22000.120_none_9d947278b86cc467\COMCTL32.dll
0x00007ffa26c20000 - 0x00007ffa26c4a000 	C:\WINDOWS\System32\GDI32.dll
0x00007ffa242d0000 - 0x00007ffa243ee000 	C:\WINDOWS\System32\gdi32full.dll
0x00007ffa246f0000 - 0x00007ffa2478d000 	C:\WINDOWS\System32\msvcp_win.dll
0x00007ffa1e060000 - 0x00007ffa1e06a000 	C:\WINDOWS\SYSTEM32\VERSION.dll
0x00007ffa25b00000 - 0x00007ffa25b31000 	C:\WINDOWS\System32\IMM32.DLL
0x00007ffa20020000 - 0x00007ffa2002c000 	D:\Program Files\Java\jdk-19\bin\vcruntime140_1.dll
0x00007ff9f8010000 - 0x00007ff9f809e000 	D:\Program Files\Java\jdk-19\bin\msvcp140.dll
0x00007ff9cf0b0000 - 0x00007ff9cfd70000 	D:\Program Files\Java\jdk-19\bin\server\jvm.dll
0x00007ffa1e510000 - 0x00007ffa1e543000 	C:\WINDOWS\SYSTEM32\WINMM.dll
0x00007ffa205a0000 - 0x00007ffa205a9000 	C:\WINDOWS\SYSTEM32\WSOCK32.dll
0x00007ffa25000000 - 0x00007ffa2506f000 	C:\WINDOWS\System32\WS2_32.dll
0x00007ffa23380000 - 0x00007ffa23398000 	C:\WINDOWS\SYSTEM32\kernel.appcore.dll
0x00007ffa20010000 - 0x00007ffa2001a000 	D:\Program Files\Java\jdk-19\bin\jimage.dll
0x00007ffa21440000 - 0x00007ffa21661000 	C:\WINDOWS\SYSTEM32\DBGHELP.DLL
0x00007ffa14b10000 - 0x00007ffa14b41000 	C:\WINDOWS\SYSTEM32\dbgcore.DLL
0x00007ffa24510000 - 0x00007ffa2458f000 	C:\WINDOWS\System32\bcryptPrimitives.dll
0x00007ffa0b0c0000 - 0x00007ffa0b0e6000 	D:\Program Files\Java\jdk-19\bin\java.dll
0x00007ffa03cd0000 - 0x00007ffa03da7000 	D:\Program Files\Java\jdk-19\bin\jsvml.dll
0x00007ffa25310000 - 0x00007ffa25ad5000 	C:\WINDOWS\System32\SHELL32.dll
0x00007ffa22360000 - 0x00007ffa22bc2000 	C:\WINDOWS\SYSTEM32\windows.storage.dll
0x00007ffa25b40000 - 0x00007ffa25eb6000 	C:\WINDOWS\System32\combase.dll
0x00007ffa221f0000 - 0x00007ffa22357000 	C:\WINDOWS\SYSTEM32\wintypes.dll
0x00007ffa25070000 - 0x00007ffa2515a000 	C:\WINDOWS\System32\SHCORE.dll
0x00007ffa24dc0000 - 0x00007ffa24e1d000 	C:\WINDOWS\System32\shlwapi.dll
0x00007ffa24200000 - 0x00007ffa24225000 	C:\WINDOWS\SYSTEM32\profapi.dll
0x00007ffa16490000 - 0x00007ffa164a3000 	D:\Program Files\Java\jdk-19\bin\net.dll
0x00007ffa1eb40000 - 0x00007ffa1ec54000 	C:\WINDOWS\SYSTEM32\WINHTTP.dll
0x00007ffa238e0000 - 0x00007ffa23947000 	C:\WINDOWS\system32\mswsock.dll
0x00007ffa0b2a0000 - 0x00007ffa0b2b6000 	D:\Program Files\Java\jdk-19\bin\nio.dll
0x00007ffa0af90000 - 0x00007ffa0afa8000 	D:\Program Files\Java\jdk-19\bin\zip.dll
0x00007ff9f9cf0000 - 0x00007ff9f9e81000 	D:\Program Files\Java\jdk-19\bin\awt.dll
0x00007ffa26b40000 - 0x00007ffa26c16000 	C:\WINDOWS\System32\OLEAUT32.dll
0x00007ffa21130000 - 0x00007ffa211c2000 	C:\WINDOWS\SYSTEM32\apphelp.dll
0x00007ffa217a0000 - 0x00007ffa2184c000 	C:\WINDOWS\system32\uxtheme.dll
0x00007ffa26580000 - 0x00007ffa2669d000 	C:\WINDOWS\System32\MSCTF.dll
0x00007ffa25170000 - 0x00007ffa2530a000 	C:\WINDOWS\System32\ole32.dll
0x00007ffa21cc0000 - 0x00007ffa21cef000 	C:\WINDOWS\system32\DWMAPI.DLL
0x00007ffa0ad50000 - 0x00007ffa0add6000 	D:\Program Files\Java\jdk-19\bin\freetype.dll
0x00007ffa009d0000 - 0x00007ffa00a96000 	D:\Program Files\Java\jdk-19\bin\fontmanager.dll
0x00007ffa045d0000 - 0x00007ffa046d1000 	C:\WINDOWS\system32\opengl32.dll
0x00007ffa17fb0000 - 0x00007ffa17fdd000 	C:\WINDOWS\SYSTEM32\GLU32.dll
0x00007ffa219d0000 - 0x00007ffa21a08000 	C:\WINDOWS\SYSTEM32\dxcore.dll
0x00007ffa22e90000 - 0x00007ffa22f77000 	C:\WINDOWS\SYSTEM32\DNSAPI.dll
0x00007ffa22e20000 - 0x00007ffa22e4d000 	C:\WINDOWS\SYSTEM32\IPHLPAPI.DLL
0x00007ffa25ae0000 - 0x00007ffa25ae9000 	C:\WINDOWS\System32\NSI.dll
0x00007ffa1c0f0000 - 0x00007ffa1c0fa000 	C:\Windows\System32\rasadhlp.dll
0x00007ffa1ba70000 - 0x00007ffa1baf2000 	C:\WINDOWS\System32\fwpuclnt.dll
0x00007ffa1dfc0000 - 0x00007ffa1dfc8000 	D:\Program Files\Java\jdk-19\bin\extnet.dll
0x00007ffa23b20000 - 0x00007ffa23b38000 	C:\WINDOWS\SYSTEM32\CRYPTSP.dll
0x00007ffa232e0000 - 0x00007ffa23315000 	C:\WINDOWS\system32\rsaenh.dll
0x00007ffa239d0000 - 0x00007ffa239fc000 	C:\WINDOWS\SYSTEM32\USERENV.dll
0x00007ffa23ca0000 - 0x00007ffa23cc7000 	C:\WINDOWS\SYSTEM32\bcrypt.dll
0x00007ffa23b40000 - 0x00007ffa23b4c000 	C:\WINDOWS\SYSTEM32\CRYPTBASE.dll
0x00007ffa1e300000 - 0x00007ffa1e319000 	C:\WINDOWS\SYSTEM32\dhcpcsvc6.DLL
0x00007ffa1e770000 - 0x00007ffa1e78e000 	C:\WINDOWS\SYSTEM32\dhcpcsvc.DLL

dbghelp: loaded successfully - version: 4.0.5 - missing functions: none
symbol engine: initialized successfully - sym options: 0x614 - pdb path: .;D:\Program Files\Java\jdk-19\bin;C:\WINDOWS\SYSTEM32;C:\WINDOWS\WinSxS\amd64_microsoft.windows.common-controls_6595b64144ccf1df_6.0.22000.120_none_9d947278b86cc467;D:\Program Files\Java\jdk-19\bin\server

VM Arguments:
jvm_args: -Dfile.encoding=UTF-8 --module-path=C:\Users\nioka\OneDrive\Documents\NetBeansProjects\Nioka_Perpus\build\classes 
java_command: nioka_perpus.FormRak
java_class_path (initial): C:\Users\nioka\Downloads\resources\mysql-connector-j-8.1.0\mysql-connector-j-8.1.0\mysql-connector-j-8.1.0.jar;C:\Users\nioka\OneDrive\Documents\NetBeansProjects\Nioka_Perpus\build\classes
Launcher Type: SUN_STANDARD

[Global flags]
     intx CICompilerCount                          = 4                                         {product} {ergonomic}
     uint ConcGCThreads                            = 2                                         {product} {ergonomic}
     uint G1ConcRefinementThreads                  = 8                                         {product} {ergonomic}
   size_t G1HeapRegionSize                         = 1048576                                   {product} {ergonomic}
    uintx GCDrainStackTargetSize                   = 64                                        {product} {ergonomic}
   size_t InitialHeapSize                          = 132120576                                 {product} {ergonomic}
   size_t MarkStackSize                            = 4194304                                   {product} {ergonomic}
   size_t MaxHeapSize                              = 2090860544                                {product} {ergonomic}
   size_t MaxNewSize                               = 1254096896                                {product} {ergonomic}
   size_t MinHeapDeltaBytes                        = 1048576                                   {product} {ergonomic}
   size_t MinHeapSize                              = 8388608                                   {product} {ergonomic}
    uintx NonNMethodCodeHeapSize                   = 5839372                                {pd product} {ergonomic}
    uintx NonProfiledCodeHeapSize                  = 122909434                              {pd product} {ergonomic}
    uintx ProfiledCodeHeapSize                     = 122909434                              {pd product} {ergonomic}
    uintx ReservedCodeCacheSize                    = 251658240                              {pd product} {ergonomic}
     bool SegmentedCodeCache                       = true                                      {product} {ergonomic}
   size_t SoftMaxHeapSize                          = 2090860544                             {manageable} {ergonomic}
     bool UseCompressedClassPointers               = true                           {product lp64_product} {ergonomic}
     bool UseCompressedOops                        = true                           {product lp64_product} {ergonomic}
     bool UseG1GC                                  = true                                      {product} {ergonomic}
     bool UseLargePagesIndividualAllocation        = false                                  {pd product} {ergonomic}

Logging:
Log output configuration:
 #0: stdout all=warning uptime,level,tags foldmultilines=false
 #1: stderr all=off uptime,level,tags foldmultilines=false

Environment Variables:
PATH=C:\Users\nioka\AppData\Local\Programs\Python\Python311\Scripts\;C:\Users\nioka\AppData\Local\Programs\Python\Python311\;C:\Program Files\Common Files\Oracle\Java\javapath;C:\Program Files (x86)\Common Files\Intel\Shared Files\cpp\bin\Intel64;C:\WINDOWS\system32;C:\WINDOWS;C:\WINDOWS\System32\Wbem;C:\WINDOWS\System32\WindowsPowerShell\v1.0\;C:\WINDOWS\System32\OpenSSH\;C:\Program Files\dotnet\;D:\Program Files\Java\jdk-19\bin;D:\xampp\php;D:\Program Files\Git\cmd;D:\composser;C:\ProgramData\chocolatey\bin;C:\Program Files\PowerShell\7\;D:\Program Files\nodejs\;C:\Users\nioka\scoop\shims;C:\Users\nioka\AppData\Local\Microsoft\WindowsApps;D:\MinGW\bin;D:\Microsoft VS Code\bin;C:\Users\nioka\.dotnet\tools;C:\Users\nioka\AppData\Roaming\Composer\vendor\bin;C:\Users\nioka\AppData\Local\Programs\oh-my-posh\bin;C:\Users\nioka\OneDrive\Documents\PowerShell\Scripts;C:\Users\nioka\AppData\Roaming\npm
USERNAME=nioka
OS=Windows_NT
PROCESSOR_IDENTIFIER=Intel64 Family 6 Model 140 Stepping 1, GenuineIntel
TMP=C:\Users\nioka\AppData\Local\Temp
TEMP=C:\Users\nioka\AppData\Local\Temp



---------------  S Y S T E M  ---------------

OS:
 Windows 11 , 64 bit Build 22000 (10.0.22000.2360)
OS uptime: 0 days 6:17 hours
Hyper-V role detected

CPU: total 8 (initial active 8) (4 cores per cpu, 2 threads per core) family 6 model 140 stepping 1 microcode 0xa4, cx8, cmov, fxsr, ht, mmx, 3dnowpref, sse, sse2, sse3, ssse3, sse4.1, sse4.2, popcnt, lzcnt, tsc, tscinvbit, avx, avx2, aes, erms, clmul, bmi1, bmi2, adx, avx512f, avx512dq, avx512cd, avx512bw, avx512vl, sha, fma, vzeroupper, avx512_vpopcntdq, avx512_vpclmulqdq, avx512_vaes, avx512_vnni, clflush, clflushopt, clwb, avx512_vbmi2, avx512_vbmi, hv, rdtscp, rdpid, fsrm, gfni, avx512_bitalg

Memory: 4k page, system-wide physical 7975M (373M free)
TotalPageFile size 7975M (AvailPageFile size 0M)
current process WorkingSet (physical memory assigned to process): 76M, peak: 76M
current process commit charge ("private bytes"): 230M, peak: 230M

vm_info: Java HotSpot(TM) 64-Bit Server VM (19.0.2+7-44) for windows-amd64 JRE (19.0.2+7-44), built on 2022-11-30T18:02:09Z by "mach5one" with MS VC++ 17.1 (VS2022)

END.
